  indonesia.cpp
E:\Membuat_Bendera\tugas bendera\indonesia\Indonesia\indonesia.cpp(8,22): warning C4305: 'argument': truncation from 'double' to 'GLfloat'
E:\Membuat_Bendera\tugas bendera\indonesia\Indonesia\indonesia.cpp(8,16): warning C4305: 'argument': truncation from 'double' to 'GLfloat'
E:\Membuat_Bendera\tugas bendera\indonesia\Indonesia\indonesia.cpp(9,16): warning C4305: 'argument': truncation from 'double' to 'GLfloat'
E:\Membuat_Bendera\tugas bendera\indonesia\Indonesia\indonesia.cpp(10,16): warning C4305: 'argument': truncation from 'double' to 'GLfloat'
E:\Membuat_Bendera\tugas bendera\indonesia\Indonesia\indonesia.cpp(11,22): warning C4305: 'argument': truncation from 'double' to 'GLfloat'
E:\Membuat_Bendera\tugas bendera\indonesia\Indonesia\indonesia.cpp(11,16): warning C4305: 'argument': truncation from 'double' to 'GLfloat'
E:\Membuat_Bendera\tugas bendera\indonesia\Indonesia\indonesia.cpp(17,16): warning C4305: 'argument': truncation from 'double' to 'GLfloat'
E:\Membuat_Bendera\tugas bendera\indonesia\Indonesia\indonesia.cpp(18,22): warning C4305: 'argument': truncation from 'double' to 'GLfloat'
E:\Membuat_Bendera\tugas bendera\indonesia\Indonesia\indonesia.cpp(18,16): warning C4305: 'argument': truncation from 'double' to 'GLfloat'
E:\Membuat_Bendera\tugas bendera\indonesia\Indonesia\indonesia.cpp(19,22): warning C4305: 'argument': truncation from 'double' to 'GLfloat'
E:\Membuat_Bendera\tugas bendera\indonesia\Indonesia\indonesia.cpp(19,16): warning C4305: 'argument': truncation from 'double' to 'GLfloat'
E:\Membuat_Bendera\tugas bendera\indonesia\Indonesia\indonesia.cpp(20,16): warning C4305: 'argument': truncation from 'double' to 'GLfloat'
E:\Membuat_Bendera\tugas bendera\indonesia\Indonesia\indonesia.cpp(31,23): warning C4305: 'argument': truncation from 'double' to 'GLclampf'
E:\Membuat_Bendera\tugas bendera\indonesia\Indonesia\indonesia.cpp(31,18): warning C4305: 'argument': truncation from 'double' to 'GLclampf'
  Generating code
  5 of 6 functions (83.3%) were compiled, the rest were copied from previous compilation.
    0 functions were new in current compilation
    0 functions had inline decision re-evaluated but remain unchanged
  Finished generating code
  Indonesia.vcxproj -> E:\Membuat_Bendera\tugas bendera\indonesia\Indonesia\x64\Release\Indonesia.exe
