  palestina.cpp
E:\Membuat_Bendera\tugas bendera\indonesia\palestina\palestina\palestina.cpp(21,25): warning C4244: 'argument': conversion from 'int' to 'GLfloat', possible loss of data
E:\Membuat_Bendera\tugas bendera\indonesia\palestina\palestina\palestina.cpp(21,16): warning C4244: 'argument': conversion from 'int' to 'GLfloat', possible loss of data
E:\Membuat_Bendera\tugas bendera\indonesia\palestina\palestina\palestina.cpp(22,37): warning C4244: 'argument': conversion from 'int' to 'GLfloat', possible loss of data
E:\Membuat_Bendera\tugas bendera\indonesia\palestina\palestina\palestina.cpp(22,24): warning C4244: 'argument': conversion from 'int' to 'GLfloat', possible loss of data
E:\Membuat_Bendera\tugas bendera\indonesia\palestina\palestina\palestina.cpp(23,45): warning C4244: 'argument': conversion from 'int' to 'GLfloat', possible loss of data
E:\Membuat_Bendera\tugas bendera\indonesia\palestina\palestina\palestina.cpp(23,24): warning C4244: 'argument': conversion from 'int' to 'GLfloat', possible loss of data
E:\Membuat_Bendera\tugas bendera\indonesia\palestina\palestina\palestina.cpp(24,33): warning C4244: 'argument': conversion from 'int' to 'GLfloat', possible loss of data
E:\Membuat_Bendera\tugas bendera\indonesia\palestina\palestina\palestina.cpp(24,16): warning C4244: 'argument': conversion from 'int' to 'GLfloat', possible loss of data
E:\Membuat_Bendera\tugas bendera\indonesia\palestina\palestina\palestina.cpp(29,33): warning C4244: 'argument': conversion from 'int' to 'GLfloat', possible loss of data
E:\Membuat_Bendera\tugas bendera\indonesia\palestina\palestina\palestina.cpp(29,16): warning C4244: 'argument': conversion from 'int' to 'GLfloat', possible loss of data
E:\Membuat_Bendera\tugas bendera\indonesia\palestina\palestina\palestina.cpp(30,45): warning C4244: 'argument': conversion from 'int' to 'GLfloat', possible loss of data
E:\Membuat_Bendera\tugas bendera\indonesia\palestina\palestina\palestina.cpp(30,24): warning C4244: 'argument': conversion from 'int' to 'GLfloat', possible loss of data
E:\Membuat_Bendera\tugas bendera\indonesia\palestina\palestina\palestina.cpp(31,45): warning C4244: 'argument': conversion from 'int' to 'GLfloat', possible loss of data
E:\Membuat_Bendera\tugas bendera\indonesia\palestina\palestina\palestina.cpp(31,24): warning C4244: 'argument': conversion from 'int' to 'GLfloat', possible loss of data
E:\Membuat_Bendera\tugas bendera\indonesia\palestina\palestina\palestina.cpp(32,33): warning C4244: 'argument': conversion from 'int' to 'GLfloat', possible loss of data
E:\Membuat_Bendera\tugas bendera\indonesia\palestina\palestina\palestina.cpp(32,16): warning C4244: 'argument': conversion from 'int' to 'GLfloat', possible loss of data
E:\Membuat_Bendera\tugas bendera\indonesia\palestina\palestina\palestina.cpp(35,20): warning C4305: 'argument': truncation from 'double' to 'GLfloat'
E:\Membuat_Bendera\tugas bendera\indonesia\palestina\palestina\palestina.cpp(37,33): warning C4244: 'argument': conversion from 'int' to 'GLfloat', possible loss of data
E:\Membuat_Bendera\tugas bendera\indonesia\palestina\palestina\palestina.cpp(37,16): warning C4244: 'argument': conversion from 'int' to 'GLfloat', possible loss of data
E:\Membuat_Bendera\tugas bendera\indonesia\palestina\palestina\palestina.cpp(38,45): warning C4244: 'argument': conversion from 'int' to 'GLfloat', possible loss of data
E:\Membuat_Bendera\tugas bendera\indonesia\palestina\palestina\palestina.cpp(38,24): warning C4244: 'argument': conversion from 'int' to 'GLfloat', possible loss of data
E:\Membuat_Bendera\tugas bendera\indonesia\palestina\palestina\palestina.cpp(39,45): warning C4244: 'argument': conversion from 'int' to 'GLfloat', possible loss of data
E:\Membuat_Bendera\tugas bendera\indonesia\palestina\palestina\palestina.cpp(39,24): warning C4244: 'argument': conversion from 'int' to 'GLfloat', possible loss of data
E:\Membuat_Bendera\tugas bendera\indonesia\palestina\palestina\palestina.cpp(40,33): warning C4244: 'argument': conversion from 'int' to 'GLfloat', possible loss of data
E:\Membuat_Bendera\tugas bendera\indonesia\palestina\palestina\palestina.cpp(40,16): warning C4244: 'argument': conversion from 'int' to 'GLfloat', possible loss of data
E:\Membuat_Bendera\tugas bendera\indonesia\palestina\palestina\palestina.cpp(46,25): warning C4244: 'argument': conversion from 'int' to 'GLfloat', possible loss of data
E:\Membuat_Bendera\tugas bendera\indonesia\palestina\palestina\palestina.cpp(46,16): warning C4244: 'argument': conversion from 'int' to 'GLfloat', possible loss of data
E:\Membuat_Bendera\tugas bendera\indonesia\palestina\palestina\palestina.cpp(47,49): warning C4244: 'argument': conversion from 'int' to 'GLfloat', possible loss of data
E:\Membuat_Bendera\tugas bendera\indonesia\palestina\palestina\palestina.cpp(47,24): warning C4244: 'argument': conversion from 'int' to 'GLfloat', possible loss of data
E:\Membuat_Bendera\tugas bendera\indonesia\palestina\palestina\palestina.cpp(48,33): warning C4244: 'argument': conversion from 'int' to 'GLfloat', possible loss of data
E:\Membuat_Bendera\tugas bendera\indonesia\palestina\palestina\palestina.cpp(48,16): warning C4244: 'argument': conversion from 'int' to 'GLfloat', possible loss of data
E:\Membuat_Bendera\tugas bendera\indonesia\palestina\palestina\palestina.cpp(56,23): warning C4305: 'argument': truncation from 'double' to 'GLclampf'
E:\Membuat_Bendera\tugas bendera\indonesia\palestina\palestina\palestina.cpp(56,18): warning C4305: 'argument': truncation from 'double' to 'GLclampf'
  Generating code
  Previous IPDB not found, fall back to full compilation.
  All 18 functions were compiled because no usable IPDB/IOBJ from previous compilation was found.
  Finished generating code
  palestina.vcxproj -> E:\Membuat_Bendera\tugas bendera\indonesia\palestina\palestina\x64\Release\palestina.exe
